PhantomJS is launching GhostDriver...
[INFO  - 2015-10-25T15:01:30.373Z] GhostDriver - Main - running on port 57018
[INFO  - 2015-10-25T15:01:31.350Z] Session [46a06320-7b29-11e5-8a82-43ae59122517] - page.settings - {"XSSAuditingEnabled":false,"javascriptCanCloseWindows":true,"javascriptCanOpenWindows":true,"javascriptEnabled":true,"loadImages":true,"localToRemoteUrlAccessEnabled":false,"userAgent":"Mozilla/5.0 (Macintosh; Intel Mac OS X 10_10_4) AppleWebKit/537.36 (KHTML, like Gecko) Chrome/37.0.2062.120 Safari/537.36","webSecurityEnabled":true}
[INFO  - 2015-10-25T15:01:31.350Z] Session [46a06320-7b29-11e5-8a82-43ae59122517] - page.customHeaders:  - {}
[INFO  - 2015-10-25T15:01:31.350Z] Session [46a06320-7b29-11e5-8a82-43ae59122517] - Session.negotiatedCapabilities - {"browserName":"phantomjs","version":"1.9.7","driverName":"ghostdriver","driverVersion":"1.1.0","platform":"mac-unknown-32bit","javascriptEnabled":true,"takesScreenshot":true,"handlesAlerts":false,"databaseEnabled":false,"locationContextEnabled":false,"applicationCacheEnabled":false,"browserConnectionEnabled":false,"cssSelectorsEnabled":true,"webStorageEnabled":false,"rotatable":false,"acceptSslCerts":false,"nativeEvents":true,"proxy":{"proxyType":"direct"},"phantomjs.page.settings.userAgent":"Mozilla/5.0 (Macintosh; Intel Mac OS X 10_10_4) AppleWebKit/537.36 (KHTML, like Gecko) Chrome/37.0.2062.120 Safari/537.36"}
[INFO  - 2015-10-25T15:01:31.350Z] SessionManagerReqHand - _postNewSessionCommand - New Session Created: 46a06320-7b29-11e5-8a82-43ae59122517
[ERROR - 2015-10-25T15:01:32.189Z] Session [46a06320-7b29-11e5-8a82-43ae59122517] - page.onError - msg: SyntaxError: Parse error
[ERROR - 2015-10-25T15:01:32.189Z] Session [46a06320-7b29-11e5-8a82-43ae59122517] - page.onError - stack:

[ERROR - 2015-10-25T15:02:32.158Z] Session [46a06320-7b29-11e5-8a82-43ae59122517] - page.onError - msg: SyntaxError: Parse error
[ERROR - 2015-10-25T15:02:32.159Z] Session [46a06320-7b29-11e5-8a82-43ae59122517] - page.onError - stack:

[ERROR - 2015-10-25T15:03:32.140Z] Session [46a06320-7b29-11e5-8a82-43ae59122517] - page.onError - msg: SyntaxError: Parse error
[ERROR - 2015-10-25T15:03:32.140Z] Session [46a06320-7[INFO  - 2015-10-25T15:05:48.856Z] SessionManagerReqHand - _cleanupWindowlessSessions - Asynchronous Sessions clean-up phase starting NOW
[INFO  - 2015-10-25T15:10:48.856Z] SessionManagerReqHand - _cleanupWindowlessSessions - Asynchronous Sessions clean-up phase starting NOW
[INFO  - 2015-10-25T15:15:48.857Z] SessionManagerReqHand - _cleanupWindowlessSessions - Asynchronous Sessions clean-up phase starting NOW
[INFO  - 2015-10-25T15:20:48.858Z] SessionManagerReqHand - _cleanupWindowlessSessions - Asynchronous Sessions clean-up phase starting NOW
[INFO  - 2015-10-25T15:25:48.861Z] SessionManagerReqHand - _cleanupWindowlessSessions - Asynchronous Sessions clean-up phase starting NOW
2.122Z] Session [46a06320-7b29-11e5-8a82-43ae59122517] - page.onError - msg: SyntaxError: Parse error
[ERROR - 2015-10-25T15:06:32.122Z] Session [46a06320-7b29-11e5-8a82-43ae59122517] - page.onError - stack:

[ERROR - 2015-10-25T15:07:32.146Z] Session [46a06320-7b29-11e5-8a82-43ae59122517] - page.onError - msg: SyntaxError: Parse error
[ERROR - 2015-10-25T15:07:32.146Z] Session [46a06320-7b29-11e5-8a82-43ae59122517] - page.onError - stack:

[ERROR - 2015-10-25T15:08:32.173Z] Session [46a06320-7b29-11e5-8a82[INFO  - 2015-10-25T15:09:51.009Z] SessionManagerReqHand - _cleanupWindowlessSessions - Asynchronous Sessions clean-up phase starting NOW
[INFO  - 2015-10-25T15:14:51.009Z] SessionManagerReqHand - _cleanupWindowlessSessions - Asynchronous Sessions clean-up phase starting NOW
[INFO  - 2015-10-25T15:19:51.011Z] SessionManagerReqHand - _cleanupWindowlessSessions - Asynchronous Sessions clean-up phase starting NOW
[INFO  - 2015-10-25T15:24:51.014Z] SessionManagerReqHand - _cleanupWindowlessSessions - Asynchronous Sessions clean-up phase starting NOW
[INFO  - 2015-10-25T15:19:54.957Z] SessionManagerReqHand - _cleanupWindowlessSessions - Asynchronous Sessions clean-up phase starting NOW
[INFO  - 2015-10-25T15:24:54.959Z] SessionManagerReqHand - _cleanupWindowlessSessions - Asynchronous Sessions clean-up phase starting NOW
[INFO  - 2015-10-25T15:20:41.037Z] SessionManagerReqHand - _cleanupWindowlessSessions - Asynchronous Sessions clean-up phase starting NOW
[INFO  - 2015-10-25T15:25:41.043Z] SessionManagerReqHand - _cleanupWindowlessSessions - Asynchronous Sessions clean-up phase starting NOW
onError - msg: SyntaxError: Parse error
[ERROR - 2015-10-25T15:12:32.149Z] Session [46a06320-7b29-11e5-8a82-43ae59122517] - page.onError - stack:

[ERROR - 2015-10-25T15:13:32.146Z] Session [46a06320-7b29-11e5-8a82-43ae59122517] - page.onError - msg: SyntaxError: Parse error
[ERROR - 2015-10-25T15:13:32.146Z] Session [46a06320-7b29-11e5-8a82-43ae59122517] - page.onError - stack:

[ERROR - 2015-10-25T15:14:32.184Z] Session [46a06320-7b29-11e5-8a82-43ae59122517] - page.onError - msg: SyntaxError: Parse error
[ERROR - 2015-10-25T15:14:32.184Z] Session [46a06320-7b29-11e5-8a82-43ae59122517] - page.onError - stack:

[ERROR - 2015-10-25T15:15:32.160Z] Session [46a06320-7b29-11e5-8a82-43ae59122517] - page.onError - msg: SyntaxError: Parse error
[ERROR - 2015-10-25T15:15:32.160Z] Session [46a06320-7b29-11e5-8a82-43ae59122517] - page.onError - stack:

[INFO  - 2015-10-25T15:16:30.379Z] SessionManagerReqHand - _cleanupWindowlessSessions - Asynchronous Sessions clean-up phase starting NOW
[ERROR - 2015-10-25T15:16:32.435Z] Session [46a06320-7b29-11e5-8a82-43ae59122517] - page.onError - msg: SyntaxError: Parse error
[ERROR - 2015-10-25T15:16:32.435Z] Session [46a06320-7b29-11e5-8a82-43ae59122517] - page.onError - stack:

[ERROR - 2015-10-25T15:17:32.263Z] Session [46a06320-7b29-11e5-8a82-43ae59122517] - page.onError - msg: SyntaxError: Parse error
[ERROR - 2015-10-25T15:17:32.263Z] Session [46a06320-7b29-11e5-8a82-43ae59122517] - page.onError - stack:

[ERROR - 2015-10-25T15:18:32.173Z] Session [46a06320-7b29-11e5-8a82-43ae59122517] - page.onError - msg: SyntaxError: Parse error
[ERROR - 2015-10-25T15:18:32.173Z] Session [46a06320-7b29-11e5-8a82-43ae59122517] - page.onError - stack:

[ERROR - 2015-10-25T15:19:32.173Z] Session [46a06320-7b29-11e5-8a82-43ae59122517] - page.onError - msg: SyntaxError: Parse error
[ERROR - 2015-10-25T15:19:32.173Z] Session [46a06320-7b29-11e5-8a82-43ae59122517] - page.onError - stack:

[ERROR - 2015-10-25T15:20:32.171Z] Session [46a06320-7b29-11e5-8a82-43ae59122517] - page.onError - msg: SyntaxError: Parse error
[ERROR - 2015-10-25T15:20:32.171Z] Session [46a06320-7b29-11e5-8a82-43ae59122517] - page.onError - stack:

[INFO  - 2015-10-25T15:21:30.380Z] SessionManagerReqHand - _cleanupWindowlessSessions - Asynchronous Sessions clean-up phase starting NOW
[ERROR - 2015-10-25T15:21:32.173Z] Session [46a06320-7b29-11e5-8a82-43ae59122517] - page.onError - msg: SyntaxError: Parse error
[ERROR - 2015-10-25T15:21:32.174Z] Session [46a06320-7b29-11e5-8a82-43ae59122517] - page.onError - stack:

[ERROR - 2015-10-25T15:22:32.159Z] Session [46a06320-7b29-11e5-8a82-43ae59122517] - page.onError - msg: SyntaxError: Parse error
[ERROR - 2015-10-25T15:22:32.159Z] Session [46a06320-7b29-11e5-8a82-43ae59122517] - page.onError - stack:

[ERROR - 2015-10-25T15:23:32.173Z] Session [46a06320-7b29-11e5-8a82-43ae59122517] - page.onError - msg: SyntaxError: Parse error
[ERROR - 2015-10-25T15:23:32.173Z] Session [46a06320-7b29-11e5-8a82-43ae59122517] - page.onError - stack:

[ERROR - 2015-10-25T15:24:32.170Z] Session [46a06320-7b29-11e5-8a82-43ae59122517] - page.onError - msg: SyntaxError: Parse error
[ERROR - 2015-10-25T15:24:32.170Z] Session [46a06320-7b29-11e5-8a82-43ae59122517] - page.onError - stack:

[ERROR - 2015-10-25T15:25:32.177Z] Session [46a06320-7b29-11e5-8a82-43ae59122517] - page.onError - msg: SyntaxError: Parse error
[ERROR - 2015-10-25T15:25:32.177Z] Session [46a06320-7b29-11e5-8a82-43ae59122517] - page.onError - stack:

[INFO  - 2015-10-25T15:26:30.383Z] SessionManagerReqHand - _cleanupWindowlessSessions - Asynchronous Sessions clean-up phase starting NOW
[ERROR - 2015-10-25T15:26:32.200Z] Session [46a06320-7b29-11e5-8a82-43ae59122517] - page.onError - msg: SyntaxError: Parse error
[ERROR - 2015-10-25T15:26:32.200Z] Session [46a06320-7b29-11e5-8a82-43ae59122517] - page.onError - stack:

[ERROR - 2015-10-25T15:27:32.194Z] Session [46a06320-7b29-11e5-8a82-43ae59122517] - page.onError - msg: SyntaxError: Parse error
[ERROR - 2015-10-25T15:27:32.194Z] Session [46a06320-7b29-11e5-8a82-43ae59122517] - page.onError - stack:

edb41ae0-7b28-11e5-b578-97e99e403eb7] - page.onError - stack:

[ERROR - 2015-10-25T15:27:03.149Z] Session [edb41ae0-7b28-11e5-b578-97e99e403eb7] - page.onError - msg: SyntaxError: Parse error
[ERROR - 2015-10-25T15:27:03.149Z] Session [edb41ae0-7b28-11e5-b578-97e99e403eb7] - page.onError - stack:

[ERROR - 2015-10-25T15:28:03.050Z] Session [edb41ae0-7b28-11e5-b578-97e99e403eb7] - page.onError - msg: SyntaxError: Parse error
[ERROR - 2015-10-25T15:28:03.050Z] Session [edb41ae0-7b28-11e5-b578-97e99e403eb7] - page.onError - stack:

[INFO  - 2015-10-25T15:26:11.773Z] SessionManagerReqHand - _cleanupWindowlessSessions - Asynchronous Sessions clean-up phase starting NOW
[ERROR - 2015-10-25T15:26:12.668Z] Session [8826a350-7b28-11e5-a439-219ece3466de] - page.onError - msg: SyntaxError: Parse error
[ERROR - 2015-10-25T15:26:12.669Z] Session [8826a350-7b28-11e5-a439-219ece3466de] - page.onError - stack:

[ERROR - 2015-10-25T15:27:12.633Z] Session [8826a350-7b28-11e5-a439-219ece3466de] - page.onError - msg: SyntaxError: Parse error
[ERROR - 2015-10-25T15:27:12.633Z] Session [8826a350-7b28-11e5-a439-219ece3466de] - page.onError - stack:

[ERROR - 2015-10-25T15:28:12.660Z] Session [8826a350-7b28-11e5-a439-219ece3466de] - page.onError - msg: SyntaxError: Parse error
[ERROR - 2015-10-25T15:28:12.660Z] Session [8826a350-7b28-11e5-a439-219ece3466de] - page.onError - stack:

[ERROR - 2015-10-25T15:27:44.621Z] Session [52d46e30-7b28-11e5-982b-37f126d4686f] - page.onError - msg: SyntaxError: Parse error
[ERROR - 2015-10-25T15:27:44.621Z] Session [52d46e30-7b28-11e5-982b-37f126d4686f] - page.onError - stack:

[ERROR - 2015-10-25T15:26:41.021Z] Session [09fb2370-7b28-11e5-84e1-c72668e57284] - page.onError - msg: SyntaxError: Parse error
[ERROR - 2015-10-25T15:26:41.022Z] Session [09fb2370-7b28-11e5-84e1-c72668e57284] - page.onError - stack:

[INFO  - 2015-10-25T15:27:40.076Z] SessionManagerReqHand - _cleanupWindowlessSessions - Asynchronous Sessions clean-up phase starting NOW
[ERROR - 2015-10-25T15:27:40.993Z] Session [09fb2370-7b28-11e5-84e1-c72668e57284] - page.onError - msg: SyntaxError: Parse error
[ERROR - 2015-10-25T15:27:40.993Z] Session [09fb2370-7b28-11e5-84e1-c72668e57284] - page.onError - stack:

[ERROR - 2015-10-25T15:28:14.421Z] Session [f9e84d00-7b27-11e5-8c45-5d20cb1869df] - page.onError - msg: SyntaxError: Parse error
[ERROR - 2015-10-25T15:28:14.421Z] Session [f9e84d00-7b27-11e5-8c45-5d20cb1869df] - page.onError - stack:

[ERROR - 2015-10-25T15:27:27.735Z] Session [b9fd62c0-7b27-11e5-bb79-3f0de3ca8f19] - page.onError - msg: SyntaxError: Parse error
[ERROR - 2015-10-25T15:27:27.735Z] Session [b9fd62c0-7b27-11e5-bb79-3f0de3ca8f19] - page.onError - stack:

[ERROR - 2015-10-25T15:21:49.744Z] Session [cd480110-7b26-11e5-9b7d-15a9eeeb3125] - page.onError - msg: SyntaxError: Parse error
[ERROR - 2015-10-25T15:21:49.744Z] Session [cd480110-7b26-11e5-9b7d-15a9eeeb3125] - page.onError - stack:

[ERROR - 2015-10-25T15:22:49.763Z] Session [cd480110-7b26-11e5-9b7d-15a9eeeb3125] - page.onError - msg: SyntaxError: Parse error
[ERROR - 2015-10-25T15:22:49.763Z] Session [cd480110-7b26-11e5-9b7d-15a9eeeb3125] - page.onError - stack:

[INFO  - 2015-10-25T15:23:48.726Z] SessionManagerReqHand - _cleanupWindowlessSessions - Asynchronous Sessions clean-up phase starting NOW
[ERROR - 2015-10-25T15:23:49.767Z] Session [cd480110-7b26-11e5-9b7d-15a9eeeb3125] - page.onError - msg: SyntaxError: Parse error
[ERROR - 2015-10-25T15:23:49.768Z] Session [cd480110-7b26-11e5-9b7d-15a9eeeb3125] - page.onError - stack:

[ERROR - 2015-10-25T15:24:49.772Z] Session [cd480110-7b26-11e5-9b7d-15a9eeeb3125] - page.onError - msg: SyntaxError: Parse error
[ERROR - 2015-10-25T15:24:49.772Z] Session [cd480110-7b26-11e5-9b7d-15a9eeeb3125] - page.onError - stack:

[ERROR - 2015-10-25T15:25:49.773Z] Session [cd480110-7b26-11e5-9b7d-15a9eeeb3125] - page.onError - msg: SyntaxError: Parse error
[ERROR - 2015-10-25T15:25:49.773Z] Session [cd480110-7b26-11e5-9b7d-15a9eeeb3125] - page.onError - stack:

[ERROR - 2015-10-25T15:26:49.750Z] Session [cd480110-7b26-11e5-9b7d-15a9eeeb3125] - page.onError - msg: SyntaxError: Parse error
[ERROR - 2015-10-25T15:26:49.750Z] Session [cd480110-7b26-11e5-9b7d-15a9eeeb3125] - page.onError - stack:

[ERROR - 2015-10-25T15:27:49.768Z] Session [cd480110-7b26-11e5-9b7d-15a9eeeb3125] - page.onError - msg: SyntaxError: Parse error
[ERROR - 2015-10-25T15:27:49.768Z] Session [cd480110-7b26-11e5-9b7d-15a9eeeb3125] - page.onError - stack:

[INFO  - 2015-10-25T15:27:53.548Z] SessionManagerReqHand - _cleanupWindowlessSessions - Asynchronous Sessions clean-up phase starting NOW
[ERROR - 2015-10-25T15:27:54.675Z] Session [ac5fee90-7b26-11e5-87a4-635ee0954325] - page.onError - msg: SyntaxError: Parse error
[ERROR - 2015-10-25T15:27:54.675Z] Session [ac5fee90-7b26-11e5-87a4-635ee0954325] - page.onError - stack:

[ERROR - 2015-10-25T15:24:00.380Z] Session [fc6cbfe0-7b25-11e5-aa5a-592da52ea1da] - page.onError - msg: SyntaxError: Parse error
[ERROR - 2015-10-25T15:24:00.380Z] Session [fc6cbfe0-7b25-11e5-aa5a-592da52ea1da] - page.onError - stack:

[ERROR - 2015-10-25T15:25:00.300Z] Session [fc6cbfe0-7b25-11e5-aa5a-592da52ea1da] - page.onError - msg: SyntaxError: Parse error
[ERROR - 2015-10-25T15:25:00.300Z] Session [fc6cbfe0-7b25-11e5-aa5a-592da52ea1da] - page.onError - stack:

[ERROR - 2015-10-25T15:26:00.326Z] Session [fc6cbfe0-7b25-11e5-aa5a-592da52ea1da] - page.onError - msg: SyntaxError: Parse error
[ERROR - 2015-10-25T15:26:00.326Z] Session [fc6cbfe0-7b25-11e5-aa5a-592da52ea1da] - page.onError - stack:

[ERROR - 2015-10-25T15:27:00.308Z] Session [fc6cbfe0-7b25-11e5-aa5a-592da52ea1da] - page.onError - msg: SyntaxError: Parse error
[ERROR - 2015-10-25T15:27:00.308Z] Session [fc6cbfe0-7b25-11e5-aa5a-592da52ea1da] - page.onError - stack:

[INFO  - 2015-10-25T15:27:58.331Z] SessionManagerReqHand - _cleanupWindowlessSessions - Asynchronous Sessions clean-up phase starting NOW
[ERROR - 2015-10-25T15:28:00.290Z] Session [fc6cbfe0-7b25-11e5-aa5a-592da52ea1da] - page.onError - msg: SyntaxError: Parse error
[ERROR - 2015-10-25T15:28:00.290Z] Session [fc6cbfe0-7b25-11e5-aa5a-592da52ea1da] - page.onError - stack:

[ERROR - 2015-10-25T15:28:06.196Z] Session [dc2dbea0-7b25-11e5-b4c1-45e9cc94ea5c] - page.onError - msg: SyntaxError: Parse error
[ERROR - 2015-10-25T15:28:06.196Z] Session [dc2dbea0-7b25-11e5-b4c1-45e9cc94ea5c] - page.onError - stack:

SyntaxError: Parse error
[ERROR - 2015-10-25T15:11:58.240Z] Session [8a2cbe70-7b26-11e5-93aa-fb07422b936c] - page.onError - stack:

[ERROR - 2015-10-25T15:12:58.130Z] Session [8a2cbe70-7b26-11e5-93aa-fb07422b936c] - page.onError - msg: SyntaxError: Parse error
[ERROR - 2015-10-25T15:12:58.130Z] Session [8a2cbe70-7b26-11e5-93aa-fb07422b936c] - page.onError - stack:

[ERROR - 2015-10-25T15:13:58.132Z] Session [8a2cbe70-7b26-11e5-93aa-fb07422b936c] - page.onError - msg: SyntaxError: Parse error
[ERROR - 2015-10-25T15:13:58.133Z] Session [8a2cbe70-7b26-11e5-93aa-fb07422b936c] - page.onError - stack:

[ERROR - 2015-10-25T15:14:58.045Z] Session [8a2cbe70-7b26-11e5-93aa-fb07422b936c] - page.onError - msg: SyntaxError: Parse error
[ERROR - 2015-10-25T15:14:58.046Z] Session [8a2cbe70-7b26-11e5-93aa-fb07422b936c] - page.onError - stack:

[ERROR - 2015-10-25T15:15:58.074Z] Session [8a2cbe70-7b26-11e5-93aa-fb07422b936c] - page.onError - msg: SyntaxError: Parse error
[ERROR - 2015-10-25T15:15:58.074Z] Session [8a2cbe70-7b26-11e5-93aa-fb07422b936c] - page.onError - stack:

[INFO  - 2015-10-25T15:16:56.133Z] SessionManagerReqHand - _cleanupWindowlessSessions - Asynchronous Sessions clean-up phase starting NOW
[ERROR - 2015-10-25T15:16:58.092Z] Session [8a2cbe70-7b26-11e5-93aa-fb07422b936c] - page.onError - msg: SyntaxError: Parse error
[ERROR - 2015-10-25T15:16:58.093Z] Session [8a2cbe70-7b26-11e5-93aa-fb07422b936c] - page.onError - stack:

[ERROR - 2015-10-25T15:17:59.111Z] Session [8a2cbe70-7b26-11e5-93aa-fb07422b936c] - page.onError - msg: SyntaxError: Parse error
[ERROR - 2015-10-25T15:17:59.111Z] Session [8a2cbe70-7b26-11e5-93aa-fb07422b936c] - page.onError - stack:

[ERROR - 2015-10-25T15:18:58.154Z] Session [8a2cbe70-7b26-11e5-93aa-fb07422b936c] - page.onError - msg: SyntaxError: Parse error
[ERROR - 2015-10-25T15:18:58.154Z] Session [8a2cbe70-7b26-11e5-93aa-fb07422b936c] - page.onError - stack:

[ERROR - 2015-10-25T15:19:58.185Z] Session [8a2cbe70-7b26-11e5-93aa-fb07422b936c] - page.onError - msg: SyntaxError: Parse error
[ERROR - 2015-10-25T15:19:58.185Z] Session [8a2cbe70-7b26-11e5-93aa-fb07422b936c] - page.onError - stack:

[ERROR - 2015-10-25T15:20:58.131Z] Session [8a2cbe70-7b26-11e5-93aa-fb07422b936c] - page.onError - msg: SyntaxError: Parse error
[ERROR - 2015-10-25T15:20:58.131Z] Session [8a2cbe70-7b26-11e5-93aa-fb07422b936c] - page.onError - stack:

[INFO  - 2015-10-25T15:21:56.135Z] SessionManagerReqHand - _cleanupWindowlessSessions - Asynchronous Sessions clean-up phase starting NOW
[ERROR - 2015-10-25T15:21:58.110Z] Session [8a2cbe70-7b26-11e5-93aa-fb07422b936c] - page.onError - msg: SyntaxError: Parse error
[ERROR - 2015-10-25T15:21:58.111Z] Session [8a2cbe70-7b26-11e5-93aa-fb07422b936c] - page.onError - stack:

[ERROR - 2015-10-25T15:22:58.119Z] Session [8a2cbe70-7b26-11e5-93aa-fb07422b936c] - page.onError - msg: SyntaxError: Parse error
[ERROR - 2015-10-25T15:22:58.119Z] Session [8a2cbe70-7b26-11e5-93aa-fb07422b936c] - page.onError - stack:

[ERROR - 2015-10-25T15:23:58.174Z] Session [8a2cbe70-7b26-11e5-93aa-fb07422b936c] - page.onError - msg: SyntaxError: Parse error
[ERROR - 2015-10-25T15:23:58.174Z] Session [8a2cbe70-7b26-11e5-93aa-fb07422b936c] - page.onError - stack:

[ERROR - 2015-10-25T15:24:58.131Z] Session [8a2cbe70-7b26-11e5-93aa-fb07422b936c] - page.onError - msg: SyntaxError: Parse error
[ERROR - 2015-10-25T15:24:58.131Z] Session [8a2cbe70-7b26-11e5-93aa-fb07422b936c] - page.onError - stack:

[ERROR - 2015-10-25T15:25:58.116Z] Session [8a2cbe70-7b26-11e5-93aa-fb07422b936c] - page.onError - msg: SyntaxError: Parse error
[ERROR - 2015-10-25T15:25:58.116Z] Session [8a2cbe70-7b26-11e5-93aa-fb07422b936c] - page.onError - stack:

[INFO  - 2015-10-25T15:26:56.139Z] SessionManagerReqHand - _cleanupWindowlessSessions - Asynchronous Sessions clean-up phase starting NOW
[ERROR - 2015-10-25T15:26:58.171Z] Session [8a2cbe70-7b26-11e5-93aa-fb07422b936c] - page.onError - msg: SyntaxError: Parse error
[ERROR - 2015-10-25T15:26:58.171Z] Session [8a2cbe70-7b26-11e5-93aa-fb07422b936c] - page.onError - stack:

[ERROR - 2015-10-25T15:27:58.123Z] Session [8a2cbe70-7b26-11e5-93aa-fb07422b936c] - page.onError - msg: SyntaxError: Parse error
[ERROR - 2015-10-25T15:27:58.123Z] Session [8a2cbe70-7b26-11e5-93aa-fb07422b936c] - page.onError - stack:

[ERROR - 2015-10-25T15:25:49.787Z] Session [1a82c6a0-7b26-11e5-a52a-a379e7dd32f3] - page.onError - msg: SyntaxError: Parse error
[ERROR - 2015-10-25T15:25:49.787Z] Session [1a82c6a0-7b26-11e5-a52a-a379e7dd32f3] - page.onError - stack:

[ERROR - 2015-10-25T15:26:49.815Z] Session [1a82c6a0-7b26-11e5-a52a-a379e7dd32f3] - page.onError - msg: SyntaxError: Parse error
[ERROR - 2015-10-25T15:26:49.815Z] Session [1a82c6a0-7b26-11e5-a52a-a379e7dd32f3] - page.onError - stack:

[ERROR - 2015-10-25T15:27:49.805Z] Session [1a82c6a0-7b26-11e5-a52a-a379e7dd32f3] - page.onError - msg: SyntaxError: Parse error
[ERROR - 2015-10-25T15:27:49.805Z] Session [1a82c6a0-7b26-11e5-a52a-a379e7dd32f3] - page.onError - stack:

[INFO  - 2015-10-25T15:22:00.015Z] SessionManagerReqHand - _cleanupWindowlessSessions - Asynchronous Sessions clean-up phase starting NOW
[ERROR - 2015-10-25T15:22:02.008Z] Session [26d8b190-7b25-11e5-aae4-9d28fe2f71ca] - page.onError - msg: [ERROR - 2015-10-25T15:22:24.003Z] Session [219b7990-7b22-11e5-97fe-7b6acd6f0e81] - page.onError - msg: SyntaxError: Parse error
[ER[ERROR - 2015-10-25T15:23:01.979Z] Session [26d8b190-7b25-11e5-aae4-9d28fe2f71ca] - page.onError - msg: [ERROR - 2015-10-25T15:23:23.928Z] Session [219b7990-7b22-11e5-97fe-7b6acd6f0e81] - page.onError - msg: SyntaxError: Parse error
[ER[ERROR - 2015-10-25T15:24:02.009Z] Session [26d8b190-7b25-11e5-aae4-9d28fe2f71ca] - page.onError - msg: [ERROR - 2015-10-25T15:24:23.934Z] Session [219b7990-7b22-11e5-97fe-7b6acd6f0e81] - page.onError - msg: SyntaxError: Parse error
[ER[ERROR - 2015-10-25T15:25:02.011Z] Session [26d8b190-7b25-11e5-aae4-9d28fe2f71ca] - page.onError - msg: [INFO  - 2015-10-25T15:25:22.721Z] SessionManagerReqHand - _cleanupWindowlessSessions - Asynchronous Sessions clean-up phase startin[ERROR - 2015-10-25T15:26:01.986Z] Session [26d8b190-7b25-11e5-aae4-9d28fe2f71ca] - page.onError - msg: SyntaxError: Parse error
[ERROR - 2015-10-25T15:26:01.986Z] Session [26d8b190-7b25-11e5-aae4-9d28fe2f71ca] - page.onError - stack:

[INFO  - 2015-10-25T15:27:00.015Z] SessionManagerReqHand - _cleanupWindowlessSessions - Asynchronous Sessions clean-up phase starting NOW
[ERROR - 2015-10-25T15:27:02.002Z] Session [26d8b190-7b25-11e5-aae4-9d28fe2f71ca] - page.onError - msg: [ERROR - 2015-10-25T15:27:23.957Z] Session [219b7990-7b22-11e5-97fe-7b6acd6f0e81] - page.onError - msg: SyntaxError: Parse error
[ER[ERROR - 2015-10-25T15:28:02.057Z] Session [26d8b190-7b25-11e5-aae4-9d28fe2f71ca] - page.onError - msg: [ERROR - 2015-10-25T15:28:24.046Z] Session [219b7990-7b22-11e5-97fe-7b6acd6f0e81] - page.onError - msg: SyntaxError: Parse error
[ERROR - 2015-10-25T15:28:24.046Z] Session [219b7990-7b22-11e5-97fe-7b6acd6f0e81] - page.onError - stack:

SyntaxError: Parse error
[ERROR - 2015-10-25T15:13:59.776Z] Session [0d83a030-7b23-11e5-9783-09b34a01d34e] - page.onError - stack:

[ERROR - 2015-10-25T15:14:59.784Z] Session [0d83a030-7b23-11e5-9783-09b34a01d34e] - page.onError - msg: SyntaxError: Parse error
[ERROR - 2015-10-25T15:14:59.784Z] Session [0d83a030-7b23-11e5-9783-09b34a01d34e] - page.onError - stack:

[ERROR - 2015-10-25T15:15:59.689Z] Session [0d83a030-7b23-11e5-9783-09b34a01d34e] - page.onError - msg: SyntaxError: Parse error
[ERROR - 2015-10-25T15:15:59.689Z] Session [0d83a030-7b23-11e5-9783-09b34a01d34e] - page.onError - stack:

[INFO  - 2015-10-25T15:16:58.515Z] SessionManagerReqHand - _cleanupWindowlessSessions - Asynchronous Sessions clean-up phase starting NOW
[ERROR - 2015-10-25T15:16:59.802Z] Session [0d83a030-7b23-11e5-9783-09b34a01d34e] - page.onError - msg: SyntaxError: Parse error
[ERROR - 2015-10-25T15:16:59.802Z] Session [0d83a030-7b23-11e5-9783-09b34a01d34e] - page.onError - stack:

[ERROR - 2015-10-25T15:17:59.806Z] Session [0d83a030-7b23-11e5-9783-09b34a01d34e] - page.onError - msg: SyntaxError: Parse error
[ERROR - 2015-10-25T15:17:59.806Z] Session [0d83a030-7b23-11e5-9783-09b34a01d34e] - page.onError - stack:

[ERROR - 2015-10-25T15:18:59.709Z] Session [0d83a030-7b23-11e5-9783-09b34a01d34e] - page.onError - msg: SyntaxError: Parse error
[ERROR - 2015-10-25T15:18:59.709Z] Session [0d83a030-7b23-11e5-9783-09b34a01d34e] - page.onError - stack:

[ERROR - 2015-10-25T15:19:59.721Z] Session [0d83a030-7b23-11e5-9783-09b34a01d34e] - page.onError - msg: SyntaxError: Parse error
[ERROR - 2015-10-25T15:19:59.721Z] Session [0d83a030-7b23-11e5-9783-09b34a01d34e] - page.onError - stack:

[ERROR - 2015-10-25T15:20:59.725Z] Session [0d83a030-7b23-11e5-9783-09b34a01d34e] - page.onError - msg: SyntaxError: Parse error
[ERROR - 2015-10-25T15:20:59.725Z] Session [0d83a030-7b23-11e5-9783-09b34a01d34e] - page.onError - stack:

[INFO  - 2015-10-25T15:21:58.515Z] SessionManagerReqHand - _cleanupWindowlessSessions - Asynchronous Sessions clean-up phase starting NOW
[ERROR - 2015-10-25T15:21:59.733Z] Session [0d83a030-7b23-11e5-9783-09b34a01d34e] - page.onError - msg: SyntaxError: Parse error
[ERROR - 2015-10-25T15:21:59.733Z] Session [0d83a030-7b23-11e5-9783-09b34a01d34e] - page.onError - stack:

[ERROR - 2015-10-25T15:22:59.744Z] Session [0d83a030-7b23-11e5-9783-09b34a01d34e] - page.onError - msg: SyntaxError: Parse error
[ERROR - 2015-10-25T15:22:59.744Z] Session [0d83a030-7b23-11e5-9783-09b34a01d34e] - page.onError - stack:

[ERROR - 2015-10-25T15:23:59.748Z] Session [0d83a030-7b23-11e5-9783-09b34a01d34e] - page.onError - msg: SyntaxError: Parse error
[ERROR - 2015-10-25T15:23:59.748Z] Session [0d83a030-7b23-11e5-9783-09b34a01d34e] - page.onError - stack:

[ERROR - 2015-10-25T15:24:59.765Z] Session [0d83a030-7b23-11e5-9783-09b34a01d34e] - page.onError - msg: SyntaxError: Parse error
[ERROR - 2015-10-25T15:24:59.765Z] Session [0d83a030-7b23-11e5-9783-09b34a01d34e] - page.onError - stack:

[ERROR - 2015-10-25T15:25:59.766Z] Session [0d83a030-7b23-11e5-9783-09b34a01d34e] - page.onError - msg: SyntaxError: Parse error
[ERROR - 2015-10-25T15:25:59.766Z] Session [0d83a030-7b23-11e5-9783-09b34a01d34e] - page.onError - stack:

[INFO  - 2015-10-25T15:26:58.520Z] SessionManagerReqHand - _cleanupWindowlessSessions - Asynchronous Sessions clean-up phase starting NOW
[ERROR - 2015-10-25T15:26:59.723Z] Session [0d83a030-7b23-11e5-9783-09b34a01d34e] - page.onError - msg: SyntaxError: Parse error
[ERROR - 2015-10-25T15:26:59.724Z] Session [0d83a030-7b23-11e5-9783-09b34a01d34e] - page.onError - stack:

[ERROR - 2015-10-25T15:28:00.766Z] Session [0d83a030-7b23-11e5-9783-09b34a01d34e] - page.onError - msg: SyntaxError: Parse error
[ERROR - 2015-10-25T15:28:00.766Z] Session [0d83a030-7b23-11e5-9783-09b34a01d34e] - page.onError - stack:

ROR - 2015-10-25T15:10:08.018Z] Session [7b77b960-7b1d-11e5-9d65-7748497497b2] - page.onError - stack:

[ERROR - 2015-10-25T15:11:07.966Z] Session [7b77b960-7b1d-11e5-9d65-7748497497b2] - page.onError - msg: SyntaxError: Parse error
[ERROR - 2015-10-25T15:11:07.966Z] Session [7b77b960-7b1d-11e5-9d65-7748497497b2] - page.onError - stack:

[INFO  - 2015-10-25T15:12:06.001Z] SessionManagerReqHand - _cleanupWindowlessSessions - Asynchronous Sessions clean-up phase starting NOW
[ERROR - 2015-10-25T15:12:08.004Z] Session [7b77b960-7b1d-11e5-9d65-7748497497b2] - page.onError - msg: SyntaxError: Parse error
[ERROR - 2015-10-25T15:12:08.004Z] Session [7b77b960-7b1d-11e5-9d65-7748497497b2] - page.onError - stack:

[ERROR - 2015-10-25T15:13:08.013Z] Session [7b77b960-7b1d-11e5-9d65-7748497497b2] - page.onError - msg: SyntaxError: Parse error
[ERROR - 2015-10-25T15:13:08.013Z] Session [7b77b960-7b1d-11e5-9d65-7748497497b2] - page.onError - stack:

[ERROR - 2015-10-25T15:14:07.986Z] Session [7b77b960-7b1d-11e5-9d65-7748497497b2] - page.onError - msg: SyntaxError: Parse error
[ERROR - 2015-10-25T15:14:07.986Z] Session [7b77b960-7b1d-11e5-9d65-7748497497b2] - page.onError - stack:

[ERROR - 2015-10-25T15:15:07.961Z] Session [7b77b960-7b1d-11e5-9d65-7748497497b2] - page.onError - msg: SyntaxError: Parse error
[ERROR - 2015-10-25T15:15:07.961Z] Session [7b77b960-7b1d-11e5-9d65-7748497497b2] - page.onError - stack:

[ERROR - 2015-10-25T15:16:07.986Z] Session [7b77b960-7b1d-11e5-9d65-7748497497b2] - page.onError - msg: SyntaxError: Parse error
[ERROR - 2015-10-25T15:16:07.986Z] Session [7b77b960-7b1d-11e5-9d65-7748497497b2] - page.onError - stack:

[INFO  - 2015-10-25T15:17:06.005Z] SessionManagerReqHand - _cleanupWindowlessSessions - Asynchronous Sessions clean-up phase starting NOW
[ERROR - 2015-10-25T15:17:07.994Z] Session [7b77b960-7b1d-11e5-9d65-7748497497b2] - page.onError - msg: SyntaxError: Parse error
[ERROR - 2015-10-25T15:17:07.994Z] Session [7b77b960-7b1d-11e5-9d65-7748497497b2] - page.onError - stack:

[ERROR - 2015-10-25T15:18:07.976Z] Session [7b77b960-7b1d-11e5-9d65-7748497497b2] - page.onError - msg: SyntaxError: Parse error
[ERROR - 2015-10-25T15:18:07.976Z] Session [7b77b960-7b1d-11e5-9d65-7748497497b2] - page.onError - stack:

[ERROR - 2015-10-25T15:19:07.997Z] Session [7b77b960-7b1d-11e5-9d65-7748497497b2] - page.onError - msg: SyntaxError: Parse error
[ERROR - 2015-10-25T15:19:07.997Z] Session [7b77b960-7b1d-11e5-9d65-7748497497b2] - page.onError - stack:

[ERROR - 2015-10-25T15:20:07.993Z] Session [7b77b960-7b1d-11e5-9d65-7748497497b2] - page.onError - msg: SyntaxError: Parse error
[ERROR - 2015-10-25T15:20:07.993Z] Session [7b77b960-7b1d-11e5-9d65-7748497497b2] - page.onError - stack:

[ERROR - 2015-10-25T15:21:09.007Z] Session [7b77b960-7b1d-11e5-9d65-7748497497b2] - page.onError - msg: SyntaxError: Parse error
[ERROR - 2015-10-25T15:21:09.007Z] Session [7b77b960-7b1d-11e5-9d65-7748497497b2] - page.onError - stack:

[INFO  - 2015-10-25T15:22:06.009Z] SessionManagerReqHand - _cleanupWindowlessSessions - Asynchronous Sessions clean-up phase starting NOW
[ERROR - 2015-10-25T15:22:07.976Z] Session [7b77b960-7b1d-11e5-9d65-7748497497b2] - page.onError - msg: SyntaxError: Parse error
[ERROR - 2015-10-25T15:22:07.976Z] Session [7b77b960-7b1d-11e5-9d65-7748497497b2] - page.onError - stack:

[ERROR - 2015-10-25T15:23:08.003Z] Session [7b77b960-7b1d-11e5-9d65-7748497497b2] - page.onError - msg: SyntaxError: Parse error
[ERROR - 2015-10-25T15:23:08.003Z] Session [7b77b960-7b1d-11e5-9d65-7748497497b2] - page.onError - stack:

[ERROR - 2015-10-25T15:24:08.009Z] Session [7b77b960-7b1d-11e5-9d65-7748497497b2] - page.onError - msg: SyntaxError: Parse error
[ERROR - 2015-10-25T15:24:08.009Z] Session [7b77b960-7b1d-11e5-9d65-7748497497b2] - page.onError - stack:

[ERROR - 2015-10-25T15:25:07.988Z] Session [7b77b960-7b1d-11e5-9d65-7748497497b2] - page.onError - msg: SyntaxError: Parse error
[ERROR - 2015-10-25T15:25:07.988Z] Session [7b77b960-7b1d-11e5-9d65-7748497497b2] - page.onError - stack:

[ERROR - 2015-10-25T15:26:08.032Z] Session [7b77b960-7b1d-11e5-9d65-7748497497b2] - page.onError - msg: SyntaxError: Parse error
[ERROR - 2015-10-25T15:26:08.032Z] Session [7b77b960-7b1d-11e5-9d65-7748497497b2] - page.onError - stack:

[INFO  - 2015-10-25T15:27:06.010Z] SessionManagerReqHand - _cleanupWindowlessSessions - Asynchronous Sessions clean-up phase starting NOW
[ERROR - 2015-10-25T15:27:07.998Z] Session [7b77b960-7b1d-11e5-9d65-7748497497b2] - page.onError - msg: SyntaxError: Parse error
[ERROR - 2015-10-25T15:27:07.998Z] Session [7b77b960-7b1d-11e5-9d65-7748497497b2] - page.onError - stack:

[ERROR - 2015-10-25T15:28:08.007Z] Session [7b77b960-7b1d-11e5-9d65-7748497497b2] - page.onError - msg: SyntaxError: Parse error
[ERROR - 2015-10-25T15:28:08.007Z] Session [7b77b960-7b1d-11e5-9d65-7748497497b2] - page.onError - stack:

r - msg: SyntaxError: Parse error
[ERROR - 2015-10-25T15:25:19.987Z] Session [f2d9aa00-7b1c-11e5-a172-396b8a1fe2af] - page.onError - stack:

[ERROR - 2015-10-25T15:26:19.973Z] Session [f2d9aa00-7b1c-11e5-a172-396b8a1fe2af] - page.onError - msg: SyntaxError: Parse error
[ERROR - 2015-10-25T15:26:19.973Z] Session [f2d9aa00-7b1c-11e5-a172-396b8a1fe2af] - page.onError - stack:

[ERROR - 2015-10-25T15:27:19.981Z] Session [f2d9aa00-7b1c-11e5-a172-396b8a1fe2af] - page.onError - msg: SyntaxError: Parse error
[ERROR - 2015-10-25T15:27:19.981Z] Session [f2d9aa00-7b1c-11e5-a172-396b8a1fe2af] - page.onError - stack:

[INFO  - 2015-10-25T15:28:16.811Z] SessionManagerReqHand - _cleanupWindowlessSessions - Asynchronous Sessions clean-up phase starting NOW
[ERROR - 2015-10-25T15:28:20.002Z] Session [f2d9aa00-7b1c-11e5-a172-396b8a1fe2af] - page.onError - msg: SyntaxError: Parse error
[ERROR - 2015-10-25T15:28:20.002Z] Session [f2d9aa00-7b1c-11e5-a172-396b8a1fe2af] - page.onError - stack:

5-10-25T15:27:09.513Z] Session [a5bd8570-7b1c-11e5-8de6-9b335ad0afa6] - page.onError - stack:

[ERROR - 2015-10-25T15:28:09.504Z] Session [a5bd8570-7b1c-11e5-8de6-9b335ad0afa6] - page.onError - msg: SyntaxError: Parse error
[ERROR - 2015-10-25T15:28:09.504Z] Session [a5bd8570-7b1c-11e5-8de6-9b335ad0afa6] - page.onError - stack:

a2a-d5ea122fdfaa] - page.onError - msg: SyntaxError: Parse error
[ERROR - 2015-10-25T15:26:50.406Z] Session [78eab3a0-7b22-11e5-aa2a-d5ea122fdfaa] - page.onError - stack:

[INFO  - 2015-10-25T15:27:49.221Z] SessionManagerReqHand - _cleanupWindowlessSessions - Asynchronous Sessions clean-up phase starting NOW
[ERROR - 2015-10-25T15:27:50.362Z] Session [78eab3a0-7b22-11e5-aa2a-d5ea122fdfaa] - page.onError - msg: SyntaxError: Parse error
[ERROR - 2015-10-25T15:27:50.362Z] Session [78eab3a0-7b22-11e5-aa2a-d5ea122fdfaa] - page.onError - stack:

